<?xml version="1.0" encoding="UTF-8" ?>
<testsuites>
  <testsuite errors="0" failures="0" id="0" name="ProviderTest" package="org.bouncycastle.cavp" tests="3" time="3.846">
  
    <properties>
[...]
</properties>

      <testcase classname="org.bouncycastle.cavp.ProviderTest" name="testAES" time="1.092"></testcase>

      <testcase classname="org.bouncycastle.cavp.ProviderTest" name="testSHA" time="2.733"></testcase>

      <testcase classname="org.bouncycastle.cavp.ProviderTest" name="testDSA" time="0.0050"></testcase>

      <system-out></system-out>

      <system-err><![CDATA[ignoring data/dsa/SigGen.txt
ignoring data/dsa/PQGGen.txt
ignoring data/dsa/SigVer.txt
ignoring data/dsa/KeyPair.txt
P 512
P 512
P 512
P 512
P 512
P 576
P 576
P 576
P 576
P 576
P 640
P 640
P 640
P 640
P 640
P 704
P 704
P 704
P 704
P 704
P 768
P 768
P 768
P 768
P 768
P 832
P 832
P 832
P 832
P 832
P 896
P 896
P 896
P 896
P 896
P 960
P 960
P 960
P 960
P 960
P 1024
P 1024
P 1024
P 1024
P 1024
]]></system-err>

  </testsuite>
</testsuites>
